


ARM Macro Assembler    Page 1 


    1 00000000         ;/******************************************************
                       ***************************************************
    2 00000000         ;** @file:    startup_LPC11xx.s
    3 00000000         ;** @purpose: CMSIS Cortex-M0 Core Device Startup File 
    4 00000000         ;**           for the NXP LPC11xx Device Series 
    5 00000000         ;** @version: V1.03
    6 00000000         ;** @date:    24. September 2010
    7 00000000         ;**------- <<< Use Configuration Wizard in Context Menu 
                       >>> ------------------
    8 00000000         ;**
    9 00000000         ;** Copyright (C) 2010 ARM Limited. All rights reserved.
                       
   10 00000000         ;** ARM Limited (ARM) is supplying this software for use
                        with Cortex-M3 
   11 00000000         ;** processor based microcontrollers.  This file can be 
                       freely distributed 
   12 00000000         ;** within development tools that are supporting such AR
                       M based processors. 
   13 00000000         ;**
   14 00000000         ;** THIS SOFTWARE IS PROVIDED "AS IS".  NO WARRANTIES, W
                       HETHER EXPRESS, IMPLIED
   15 00000000         ;** OR STATUTORY, INCLUDING, BUT NOT LIMITED TO, IMPLIED
                        WARRANTIES OF
   16 00000000         ;** MERCHANTABILITY AND FITNESS FOR A PARTICULAR PURPOSE
                        APPLY TO THIS SOFTWARE.
   17 00000000         ;** ARM SHALL NOT, IN ANY CIRCUMSTANCES, BE LIABLE FOR S
                       PECIAL, INCIDENTAL, OR
   18 00000000         ;** CONSEQUENTIAL DAMAGES, FOR ANY REASON WHATSOEVER.
   19 00000000         ;**
   20 00000000         ;*******************************************************
                       ***********************/
   21 00000000         
   22 00000000         
   23 00000000         ; <h> Stack Configuration
   24 00000000         ;   <o> Stack Size (in Bytes) <0x0-0xFFFFFFFF:8>
   25 00000000         ; </h>
   26 00000000         
   27 00000000 00000200 
                       Stack_Size
                               EQU              0x00000200
   28 00000000         
   29 00000000                 AREA             STACK, NOINIT, READWRITE, ALIGN
=3
   30 00000000         Stack_Mem
                               SPACE            Stack_Size
   31 00000200         __initial_sp
   32 00000200         
   33 00000200         
   34 00000200         ; <h> Heap Configuration
   35 00000200         ;   <o>  Heap Size (in Bytes) <0x0-0xFFFFFFFF:8>
   36 00000200         ; </h>
   37 00000200         
   38 00000200 00000200 
                       Heap_Size
                               EQU              0x00000200
   39 00000200         
   40 00000200                 AREA             HEAP, NOINIT, READWRITE, ALIGN=
3
   41 00000000         __heap_base



ARM Macro Assembler    Page 2 


   42 00000000         Heap_Mem
                               SPACE            Heap_Size
   43 00000200         __heap_limit
   44 00000200         
   45 00000200         
   46 00000200                 PRESERVE8
   47 00000200                 THUMB
   48 00000200         
   49 00000200         
   50 00000200         ; Vector Table Mapped to Address 0 at Reset
   51 00000200         
   52 00000200                 AREA             RESET, DATA, READONLY
   53 00000000                 EXPORT           __Vectors
   54 00000000                 EXPORT           __Vectors_End
   55 00000000                 EXPORT           __Vectors_Size
   56 00000000         
   57 00000000 00000000 
                       __Vectors
                               DCD              __initial_sp ; Top of Stack
   58 00000004 00000000        DCD              Reset_Handler ; Reset Handler
   59 00000008 00000000        DCD              NMI_Handler ; NMI Handler
   60 0000000C 00000000        DCD              HardFault_Handler ; Hard Fault 
                                                            Handler
   61 00000010 00000000        DCD              MemManage_Handler 
                                                            ; MPU Fault Handler
                                                            
   62 00000014 00000000        DCD              BusFault_Handler 
                                                            ; Bus Fault Handler
                                                            
   63 00000018 00000000        DCD              UsageFault_Handler ; Usage Faul
                                                            t Handler
   64 0000001C 00000000        DCD              0           ; Reserved
   65 00000020 00000000        DCD              0           ; Reserved
   66 00000024 00000000        DCD              0           ; Reserved
   67 00000028 00000000        DCD              0           ; Reserved
   68 0000002C 00000000        DCD              SVC_Handler ; SVCall Handler
   69 00000030 00000000        DCD              DebugMon_Handler ; Debug Monito
                                                            r Handler
   70 00000034 00000000        DCD              0           ; Reserved
   71 00000038 00000000        DCD              PendSV_Handler ; PendSV Handler
                                                            
   72 0000003C 00000000        DCD              SysTick_Handler 
                                                            ; SysTick Handler
   73 00000040         
   74 00000040         ; External Interrupts
   75 00000040 00000000        DCD              WAKEUP_IRQHandler ; 15 wakeup s
                                                            ources for all the
   76 00000044 00000000        DCD              WAKEUP_IRQHandler ; I/O pins st
                                                            arting from PIO0 (0
                                                            :11)
   77 00000048 00000000        DCD              WAKEUP_IRQHandler ; all 40 are 
                                                            routed to the same 
                                                            ISR
   78 0000004C 00000000        DCD              WAKEUP_IRQHandler
   79 00000050 00000000        DCD              WAKEUP_IRQHandler
   80 00000054 00000000        DCD              WAKEUP_IRQHandler
   81 00000058 00000000        DCD              WAKEUP_IRQHandler
   82 0000005C 00000000        DCD              WAKEUP_IRQHandler
   83 00000060 00000000        DCD              WAKEUP_IRQHandler



ARM Macro Assembler    Page 3 


   84 00000064 00000000        DCD              WAKEUP_IRQHandler
   85 00000068 00000000        DCD              WAKEUP_IRQHandler
   86 0000006C 00000000        DCD              WAKEUP_IRQHandler
   87 00000070 00000000        DCD              WAKEUP_IRQHandler ; PIO1 (0:11)
                                                            
   88 00000074 00000000        DCD              CAN_IRQHandler ; CAN
   89 00000078 00000000        DCD              SSP1_IRQHandler ; SSP1
   90 0000007C 00000000        DCD              I2C_IRQHandler ; I2C
   91 00000080 00000000        DCD              TIMER16_0_IRQHandler 
                                                            ; 16-bit Timer0
   92 00000084 00000000        DCD              TIMER16_1_IRQHandler 
                                                            ; 16-bit Timer1
   93 00000088 00000000        DCD              TIMER32_0_IRQHandler 
                                                            ; 32-bit Timer0
   94 0000008C 00000000        DCD              TIMER32_1_IRQHandler 
                                                            ; 32-bit Timer1
   95 00000090 00000000        DCD              SSP0_IRQHandler ; SSP0
   96 00000094 00000000        DCD              UART_IRQHandler ; UART
   97 00000098 00000000        DCD              USB_IRQHandler ; USB IRQ
   98 0000009C 00000000        DCD              USB_FIQHandler ; USB FIQ
   99 000000A0 00000000        DCD              ADC_IRQHandler ; A/D Converter
  100 000000A4 00000000        DCD              WDT_IRQHandler ; Watchdog timer
                                                            
  101 000000A8 00000000        DCD              BOD_IRQHandler 
                                                            ; Brown Out Detect
  102 000000AC 00000000        DCD              FMC_IRQHandler ; IP2111 Flash M
                                                            emory Controller
  103 000000B0 00000000        DCD              PIOINT3_IRQHandler ; PIO INT3
  104 000000B4 00000000        DCD              PIOINT2_IRQHandler ; PIO INT2
  105 000000B8 00000000        DCD              PIOINT1_IRQHandler ; PIO INT1
  106 000000BC 00000000        DCD              PIOINT0_IRQHandler ; PIO INT0
  107 000000C0         __Vectors_End
  108 000000C0         
  109 000000C0 000000C0 
                       __Vectors_Size
                               EQU              __Vectors_End - __Vectors
  110 000000C0         
  111 000000C0                 IF               :DEF:EN_CRP
  114                          ENDIF
  115 000000C0         
  116 000000C0         
  117 000000C0                 AREA             |.text|, CODE, READONLY
  118 00000000         
  119 00000000         
  120 00000000         ; Reset Handler
  121 00000000         
  122 00000000         Reset_Handler
                               PROC
  123 00000000                 EXPORT           Reset_Handler             [WEAK
]
  124 00000000                 IMPORT           SystemInit
  125 00000000                 IMPORT           __main
  126 00000000 4809            LDR              R0, =SystemInit
  127 00000002 4780            BLX              R0
  128 00000004 4809            LDR              R0, =__main
  129 00000006 4700            BX               R0
  130 00000008                 ENDP
  131 00000008         
  132 00000008         



ARM Macro Assembler    Page 4 


  133 00000008         ; Dummy Exception Handlers (infinite loops which can be 
                       modified)
  134 00000008         
  135 00000008         NMI_Handler
                               PROC
  136 00000008                 EXPORT           NMI_Handler               [WEAK
]
  137 00000008 E7FE            B                .
  138 0000000A                 ENDP
  140 0000000A         HardFault_Handler
                               PROC
  141 0000000A                 EXPORT           HardFault_Handler         [WEAK
]
  142 0000000A E7FE            B                .
  143 0000000C                 ENDP
  145 0000000C         MemManage_Handler
                               PROC
  146 0000000C                 EXPORT           MemManage_Handler         [WEAK
]
  147 0000000C E7FE            B                .
  148 0000000E                 ENDP
  150 0000000E         BusFault_Handler
                               PROC
  151 0000000E                 EXPORT           BusFault_Handler          [WEAK
]
  152 0000000E E7FE            B                .
  153 00000010                 ENDP
  155 00000010         UsageFault_Handler
                               PROC
  156 00000010                 EXPORT           UsageFault_Handler        [WEAK
]
  157 00000010 E7FE            B                .
  158 00000012                 ENDP
  159 00000012         SVC_Handler
                               PROC
  160 00000012                 EXPORT           SVC_Handler               [WEAK
]
  161 00000012 E7FE            B                .
  162 00000014                 ENDP
  164 00000014         DebugMon_Handler
                               PROC
  165 00000014                 EXPORT           DebugMon_Handler          [WEAK
]
  166 00000014 E7FE            B                .
  167 00000016                 ENDP
  168 00000016         PendSV_Handler
                               PROC
  169 00000016                 EXPORT           PendSV_Handler            [WEAK
]
  170 00000016 E7FE            B                .
  171 00000018                 ENDP
  172 00000018         SysTick_Handler
                               PROC
  173 00000018                 EXPORT           SysTick_Handler           [WEAK
]
  174 00000018 E7FE            B                .
  175 0000001A                 ENDP
  176 0000001A         
  177 0000001A         Default_Handler



ARM Macro Assembler    Page 5 


                               PROC
  178 0000001A         
  179 0000001A                 EXPORT           WAKEUP_IRQHandler         [WEAK
]
  180 0000001A                 EXPORT           CAN_IRQHandler            [WEAK
]
  181 0000001A                 EXPORT           SSP1_IRQHandler           [WEAK
]
  182 0000001A                 EXPORT           I2C_IRQHandler            [WEAK
]
  183 0000001A                 EXPORT           TIMER16_0_IRQHandler      [WEAK
]
  184 0000001A                 EXPORT           TIMER16_1_IRQHandler      [WEAK
]
  185 0000001A                 EXPORT           TIMER32_0_IRQHandler      [WEAK
]
  186 0000001A                 EXPORT           TIMER32_1_IRQHandler      [WEAK
]
  187 0000001A                 EXPORT           SSP0_IRQHandler           [WEAK
]
  188 0000001A                 EXPORT           UART_IRQHandler           [WEAK
]
  189 0000001A         
  190 0000001A                 EXPORT           USB_IRQHandler            [WEAK
]
  191 0000001A                 EXPORT           USB_FIQHandler            [WEAK
]
  192 0000001A                 EXPORT           ADC_IRQHandler            [WEAK
]
  193 0000001A                 EXPORT           WDT_IRQHandler            [WEAK
]
  194 0000001A                 EXPORT           BOD_IRQHandler            [WEAK
]
  195 0000001A                 EXPORT           FMC_IRQHandler            [WEAK
]
  196 0000001A                 EXPORT           PIOINT3_IRQHandler        [WEAK
]
  197 0000001A                 EXPORT           PIOINT2_IRQHandler        [WEAK
]
  198 0000001A                 EXPORT           PIOINT1_IRQHandler        [WEAK
]
  199 0000001A                 EXPORT           PIOINT0_IRQHandler        [WEAK
]
  200 0000001A         
  201 0000001A         
  202 0000001A         WAKEUP_IRQHandler
  203 0000001A         CAN_IRQHandler
  204 0000001A         SSP1_IRQHandler
  205 0000001A         I2C_IRQHandler
  206 0000001A         TIMER16_0_IRQHandler
  207 0000001A         TIMER16_1_IRQHandler
  208 0000001A         TIMER32_0_IRQHandler
  209 0000001A         TIMER32_1_IRQHandler
  210 0000001A         SSP0_IRQHandler
  211 0000001A         UART_IRQHandler
  212 0000001A         USB_IRQHandler
  213 0000001A         USB_FIQHandler
  214 0000001A         ADC_IRQHandler
  215 0000001A         WDT_IRQHandler



ARM Macro Assembler    Page 6 


  216 0000001A         BOD_IRQHandler
  217 0000001A         FMC_IRQHandler
  218 0000001A         PIOINT3_IRQHandler
  219 0000001A         PIOINT2_IRQHandler
  220 0000001A         PIOINT1_IRQHandler
  221 0000001A         PIOINT0_IRQHandler
  222 0000001A         
  223 0000001A E7FE            B                .
  224 0000001C         
  225 0000001C                 ENDP
  226 0000001C         
  227 0000001C         
  228 0000001C                 ALIGN
  229 0000001C         
  230 0000001C         
  231 0000001C         ; User Initial Stack & Heap
  232 0000001C         
  233 0000001C                 IF               :DEF:__MICROLIB
  240 0000001C         
  241 0000001C                 IMPORT           __use_two_region_memory
  242 0000001C                 EXPORT           __user_initial_stackheap
  243 0000001C         __user_initial_stackheap
  244 0000001C         
  245 0000001C 4804            LDR              R0, =  Heap_Mem
  246 0000001E 4905            LDR              R1, =(Stack_Mem + Stack_Size)
  247 00000020 4A05            LDR              R2, = (Heap_Mem +  Heap_Size)
  248 00000022 4B06            LDR              R3, = Stack_Mem
  249 00000024 4770            BX               LR
  250 00000026         
  251 00000026 00 00           ALIGN
  252 00000028         
  253 00000028                 ENDIF
  254 00000028         
  255 00000028         
  256 00000028                 END
              00000000 
              00000000 
              00000000 
              00000200 
              00000200 
              00000000 
Command Line: --debug --xref --cpu=Cortex-M0 --apcs=interwork --depend=startup_
LPC11xx.d -ostartup_LPC11xx.o -IC:\Keil\ARM\CMSIS\Include -IC:\Keil\ARM\INC\NXP
\LPC11xx --predefine="__EVAL SETA 1" --list=.\startup_LPC11xx.lst lpc1xxx\start
up_LPC11xx.s



ARM Macro Assembler    Page 1 Alphabetic symbol ordering
Relocatable symbols

STACK 00000000

Symbol: STACK
   Definitions
      At line 29 in file lpc1xxx\startup_LPC11xx.s
   Uses
      None
Comment: STACK unused
Stack_Mem 00000000

Symbol: Stack_Mem
   Definitions
      At line 30 in file lpc1xxx\startup_LPC11xx.s
   Uses
      At line 246 in file lpc1xxx\startup_LPC11xx.s
      At line 248 in file lpc1xxx\startup_LPC11xx.s

__initial_sp 00000200

Symbol: __initial_sp
   Definitions
      At line 31 in file lpc1xxx\startup_LPC11xx.s
   Uses
      At line 57 in file lpc1xxx\startup_LPC11xx.s
Comment: __initial_sp used once
3 symbols



ARM Macro Assembler    Page 1 Alphabetic symbol ordering
Relocatable symbols

HEAP 00000000

Symbol: HEAP
   Definitions
      At line 40 in file lpc1xxx\startup_LPC11xx.s
   Uses
      None
Comment: HEAP unused
Heap_Mem 00000000

Symbol: Heap_Mem
   Definitions
      At line 42 in file lpc1xxx\startup_LPC11xx.s
   Uses
      At line 245 in file lpc1xxx\startup_LPC11xx.s
      At line 247 in file lpc1xxx\startup_LPC11xx.s

__heap_base 00000000

Symbol: __heap_base
   Definitions
      At line 41 in file lpc1xxx\startup_LPC11xx.s
   Uses
      None
Comment: __heap_base unused
__heap_limit 00000200

Symbol: __heap_limit
   Definitions
      At line 43 in file lpc1xxx\startup_LPC11xx.s
   Uses
      None
Comment: __heap_limit unused
4 symbols



ARM Macro Assembler    Page 1 Alphabetic symbol ordering
Relocatable symbols

RESET 00000000

Symbol: RESET
   Definitions
      At line 52 in file lpc1xxx\startup_LPC11xx.s
   Uses
      None
Comment: RESET unused
__Vectors 00000000

Symbol: __Vectors
   Definitions
      At line 57 in file lpc1xxx\startup_LPC11xx.s
   Uses
      At line 53 in file lpc1xxx\startup_LPC11xx.s
      At line 109 in file lpc1xxx\startup_LPC11xx.s

__Vectors_End 000000C0

Symbol: __Vectors_End
   Definitions
      At line 107 in file lpc1xxx\startup_LPC11xx.s
   Uses
      At line 54 in file lpc1xxx\startup_LPC11xx.s
      At line 109 in file lpc1xxx\startup_LPC11xx.s

3 symbols



ARM Macro Assembler    Page 1 Alphabetic symbol ordering
Relocatable symbols

.text 00000000

Symbol: .text
   Definitions
      At line 117 in file lpc1xxx\startup_LPC11xx.s
   Uses
      None
Comment: .text unused
ADC_IRQHandler 0000001A

Symbol: ADC_IRQHandler
   Definitions
      At line 214 in file lpc1xxx\startup_LPC11xx.s
   Uses
      At line 99 in file lpc1xxx\startup_LPC11xx.s
      At line 192 in file lpc1xxx\startup_LPC11xx.s

BOD_IRQHandler 0000001A

Symbol: BOD_IRQHandler
   Definitions
      At line 216 in file lpc1xxx\startup_LPC11xx.s
   Uses
      At line 101 in file lpc1xxx\startup_LPC11xx.s
      At line 194 in file lpc1xxx\startup_LPC11xx.s

BusFault_Handler 0000000E

Symbol: BusFault_Handler
   Definitions
      At line 150 in file lpc1xxx\startup_LPC11xx.s
   Uses
      At line 62 in file lpc1xxx\startup_LPC11xx.s
      At line 151 in file lpc1xxx\startup_LPC11xx.s

CAN_IRQHandler 0000001A

Symbol: CAN_IRQHandler
   Definitions
      At line 203 in file lpc1xxx\startup_LPC11xx.s
   Uses
      At line 88 in file lpc1xxx\startup_LPC11xx.s
      At line 180 in file lpc1xxx\startup_LPC11xx.s

DebugMon_Handler 00000014

Symbol: DebugMon_Handler
   Definitions
      At line 164 in file lpc1xxx\startup_LPC11xx.s
   Uses
      At line 69 in file lpc1xxx\startup_LPC11xx.s
      At line 165 in file lpc1xxx\startup_LPC11xx.s

Default_Handler 0000001A

Symbol: Default_Handler
   Definitions
      At line 177 in file lpc1xxx\startup_LPC11xx.s
   Uses



ARM Macro Assembler    Page 2 Alphabetic symbol ordering
Relocatable symbols

      None
Comment: Default_Handler unused
FMC_IRQHandler 0000001A

Symbol: FMC_IRQHandler
   Definitions
      At line 217 in file lpc1xxx\startup_LPC11xx.s
   Uses
      At line 102 in file lpc1xxx\startup_LPC11xx.s
      At line 195 in file lpc1xxx\startup_LPC11xx.s

HardFault_Handler 0000000A

Symbol: HardFault_Handler
   Definitions
      At line 140 in file lpc1xxx\startup_LPC11xx.s
   Uses
      At line 60 in file lpc1xxx\startup_LPC11xx.s
      At line 141 in file lpc1xxx\startup_LPC11xx.s

I2C_IRQHandler 0000001A

Symbol: I2C_IRQHandler
   Definitions
      At line 205 in file lpc1xxx\startup_LPC11xx.s
   Uses
      At line 90 in file lpc1xxx\startup_LPC11xx.s
      At line 182 in file lpc1xxx\startup_LPC11xx.s

MemManage_Handler 0000000C

Symbol: MemManage_Handler
   Definitions
      At line 145 in file lpc1xxx\startup_LPC11xx.s
   Uses
      At line 61 in file lpc1xxx\startup_LPC11xx.s
      At line 146 in file lpc1xxx\startup_LPC11xx.s

NMI_Handler 00000008

Symbol: NMI_Handler
   Definitions
      At line 135 in file lpc1xxx\startup_LPC11xx.s
   Uses
      At line 59 in file lpc1xxx\startup_LPC11xx.s
      At line 136 in file lpc1xxx\startup_LPC11xx.s

PIOINT0_IRQHandler 0000001A

Symbol: PIOINT0_IRQHandler
   Definitions
      At line 221 in file lpc1xxx\startup_LPC11xx.s
   Uses
      At line 106 in file lpc1xxx\startup_LPC11xx.s
      At line 199 in file lpc1xxx\startup_LPC11xx.s

PIOINT1_IRQHandler 0000001A

Symbol: PIOINT1_IRQHandler



ARM Macro Assembler    Page 3 Alphabetic symbol ordering
Relocatable symbols

   Definitions
      At line 220 in file lpc1xxx\startup_LPC11xx.s
   Uses
      At line 105 in file lpc1xxx\startup_LPC11xx.s
      At line 198 in file lpc1xxx\startup_LPC11xx.s

PIOINT2_IRQHandler 0000001A

Symbol: PIOINT2_IRQHandler
   Definitions
      At line 219 in file lpc1xxx\startup_LPC11xx.s
   Uses
      At line 104 in file lpc1xxx\startup_LPC11xx.s
      At line 197 in file lpc1xxx\startup_LPC11xx.s

PIOINT3_IRQHandler 0000001A

Symbol: PIOINT3_IRQHandler
   Definitions
      At line 218 in file lpc1xxx\startup_LPC11xx.s
   Uses
      At line 103 in file lpc1xxx\startup_LPC11xx.s
      At line 196 in file lpc1xxx\startup_LPC11xx.s

PendSV_Handler 00000016

Symbol: PendSV_Handler
   Definitions
      At line 168 in file lpc1xxx\startup_LPC11xx.s
   Uses
      At line 71 in file lpc1xxx\startup_LPC11xx.s
      At line 169 in file lpc1xxx\startup_LPC11xx.s

Reset_Handler 00000000

Symbol: Reset_Handler
   Definitions
      At line 122 in file lpc1xxx\startup_LPC11xx.s
   Uses
      At line 58 in file lpc1xxx\startup_LPC11xx.s
      At line 123 in file lpc1xxx\startup_LPC11xx.s

SSP0_IRQHandler 0000001A

Symbol: SSP0_IRQHandler
   Definitions
      At line 210 in file lpc1xxx\startup_LPC11xx.s
   Uses
      At line 95 in file lpc1xxx\startup_LPC11xx.s
      At line 187 in file lpc1xxx\startup_LPC11xx.s

SSP1_IRQHandler 0000001A

Symbol: SSP1_IRQHandler
   Definitions
      At line 204 in file lpc1xxx\startup_LPC11xx.s
   Uses
      At line 89 in file lpc1xxx\startup_LPC11xx.s
      At line 181 in file lpc1xxx\startup_LPC11xx.s



ARM Macro Assembler    Page 4 Alphabetic symbol ordering
Relocatable symbols


SVC_Handler 00000012

Symbol: SVC_Handler
   Definitions
      At line 159 in file lpc1xxx\startup_LPC11xx.s
   Uses
      At line 68 in file lpc1xxx\startup_LPC11xx.s
      At line 160 in file lpc1xxx\startup_LPC11xx.s

SysTick_Handler 00000018

Symbol: SysTick_Handler
   Definitions
      At line 172 in file lpc1xxx\startup_LPC11xx.s
   Uses
      At line 72 in file lpc1xxx\startup_LPC11xx.s
      At line 173 in file lpc1xxx\startup_LPC11xx.s

TIMER16_0_IRQHandler 0000001A

Symbol: TIMER16_0_IRQHandler
   Definitions
      At line 206 in file lpc1xxx\startup_LPC11xx.s
   Uses
      At line 91 in file lpc1xxx\startup_LPC11xx.s
      At line 183 in file lpc1xxx\startup_LPC11xx.s

TIMER16_1_IRQHandler 0000001A

Symbol: TIMER16_1_IRQHandler
   Definitions
      At line 207 in file lpc1xxx\startup_LPC11xx.s
   Uses
      At line 92 in file lpc1xxx\startup_LPC11xx.s
      At line 184 in file lpc1xxx\startup_LPC11xx.s

TIMER32_0_IRQHandler 0000001A

Symbol: TIMER32_0_IRQHandler
   Definitions
      At line 208 in file lpc1xxx\startup_LPC11xx.s
   Uses
      At line 93 in file lpc1xxx\startup_LPC11xx.s
      At line 185 in file lpc1xxx\startup_LPC11xx.s

TIMER32_1_IRQHandler 0000001A

Symbol: TIMER32_1_IRQHandler
   Definitions
      At line 209 in file lpc1xxx\startup_LPC11xx.s
   Uses
      At line 94 in file lpc1xxx\startup_LPC11xx.s
      At line 186 in file lpc1xxx\startup_LPC11xx.s

UART_IRQHandler 0000001A

Symbol: UART_IRQHandler
   Definitions



ARM Macro Assembler    Page 5 Alphabetic symbol ordering
Relocatable symbols

      At line 211 in file lpc1xxx\startup_LPC11xx.s
   Uses
      At line 96 in file lpc1xxx\startup_LPC11xx.s
      At line 188 in file lpc1xxx\startup_LPC11xx.s

USB_FIQHandler 0000001A

Symbol: USB_FIQHandler
   Definitions
      At line 213 in file lpc1xxx\startup_LPC11xx.s
   Uses
      At line 98 in file lpc1xxx\startup_LPC11xx.s
      At line 191 in file lpc1xxx\startup_LPC11xx.s

USB_IRQHandler 0000001A

Symbol: USB_IRQHandler
   Definitions
      At line 212 in file lpc1xxx\startup_LPC11xx.s
   Uses
      At line 97 in file lpc1xxx\startup_LPC11xx.s
      At line 190 in file lpc1xxx\startup_LPC11xx.s

UsageFault_Handler 00000010

Symbol: UsageFault_Handler
   Definitions
      At line 155 in file lpc1xxx\startup_LPC11xx.s
   Uses
      At line 63 in file lpc1xxx\startup_LPC11xx.s
      At line 156 in file lpc1xxx\startup_LPC11xx.s

WAKEUP_IRQHandler 0000001A

Symbol: WAKEUP_IRQHandler
   Definitions
      At line 202 in file lpc1xxx\startup_LPC11xx.s
   Uses
      At line 75 in file lpc1xxx\startup_LPC11xx.s
      At line 76 in file lpc1xxx\startup_LPC11xx.s
      At line 77 in file lpc1xxx\startup_LPC11xx.s
      At line 78 in file lpc1xxx\startup_LPC11xx.s
      At line 79 in file lpc1xxx\startup_LPC11xx.s
      At line 80 in file lpc1xxx\startup_LPC11xx.s
      At line 81 in file lpc1xxx\startup_LPC11xx.s
      At line 82 in file lpc1xxx\startup_LPC11xx.s
      At line 83 in file lpc1xxx\startup_LPC11xx.s
      At line 84 in file lpc1xxx\startup_LPC11xx.s
      At line 85 in file lpc1xxx\startup_LPC11xx.s
      At line 86 in file lpc1xxx\startup_LPC11xx.s
      At line 87 in file lpc1xxx\startup_LPC11xx.s
      At line 179 in file lpc1xxx\startup_LPC11xx.s

WDT_IRQHandler 0000001A

Symbol: WDT_IRQHandler
   Definitions
      At line 215 in file lpc1xxx\startup_LPC11xx.s
   Uses



ARM Macro Assembler    Page 6 Alphabetic symbol ordering
Relocatable symbols

      At line 100 in file lpc1xxx\startup_LPC11xx.s
      At line 193 in file lpc1xxx\startup_LPC11xx.s

__user_initial_stackheap 0000001C

Symbol: __user_initial_stackheap
   Definitions
      At line 243 in file lpc1xxx\startup_LPC11xx.s
   Uses
      At line 242 in file lpc1xxx\startup_LPC11xx.s
Comment: __user_initial_stackheap used once
33 symbols



ARM Macro Assembler    Page 1 Alphabetic symbol ordering
Absolute symbols

Heap_Size 00000200

Symbol: Heap_Size
   Definitions
      At line 38 in file lpc1xxx\startup_LPC11xx.s
   Uses
      At line 42 in file lpc1xxx\startup_LPC11xx.s
      At line 247 in file lpc1xxx\startup_LPC11xx.s

Stack_Size 00000200

Symbol: Stack_Size
   Definitions
      At line 27 in file lpc1xxx\startup_LPC11xx.s
   Uses
      At line 30 in file lpc1xxx\startup_LPC11xx.s
      At line 246 in file lpc1xxx\startup_LPC11xx.s

__Vectors_Size 000000C0

Symbol: __Vectors_Size
   Definitions
      At line 109 in file lpc1xxx\startup_LPC11xx.s
   Uses
      At line 55 in file lpc1xxx\startup_LPC11xx.s
Comment: __Vectors_Size used once
3 symbols



ARM Macro Assembler    Page 1 Alphabetic symbol ordering
External symbols

SystemInit 00000000

Symbol: SystemInit
   Definitions
      At line 124 in file lpc1xxx\startup_LPC11xx.s
   Uses
      At line 126 in file lpc1xxx\startup_LPC11xx.s
Comment: SystemInit used once
__main 00000000

Symbol: __main
   Definitions
      At line 125 in file lpc1xxx\startup_LPC11xx.s
   Uses
      At line 128 in file lpc1xxx\startup_LPC11xx.s
Comment: __main used once
__use_two_region_memory 00000000

Symbol: __use_two_region_memory
   Definitions
      At line 241 in file lpc1xxx\startup_LPC11xx.s
   Uses
      None
Comment: __use_two_region_memory unused
3 symbols
379 symbols in table
